#
# There is insufficient memory for the Java Runtime Environment to continue.
# Native memory allocation (mmap) failed to map 98566144 bytes. Error detail: G1 virtual space
# Possible reasons:
#   The system is out of physical RAM or swap space
#   This process is running with CompressedOops enabled, and the Java Heap may be blocking the growth of the native heap
# Possible solutions:
#   Reduce memory load on the system
#   Increase physical memory or swap space
#   Check if swap backing store is full
#   Decrease Java heap size (-Xmx/-Xms)
#   Decrease number of Java threads
#   Decrease Java thread stack sizes (-Xss)
#   Set larger code cache with -XX:ReservedCodeCacheSize=
#   JVM is running with Unscaled Compressed Oops mode in which the Java heap is
#     placed in the first 4GB address space. The Java Heap base address is the
#     maximum limit for the native heap growth. Please use -XX:HeapBaseMinAddress
#     to set the Java Heap base and to place the Java Heap above 4GB virtual address.
# This output file may be truncated or incomplete.
#
#  Out of Memory Error (os_windows.cpp:3564), pid=30296, tid=30356
#
# JRE version:  (24.0+36) (build )
# Java VM: Java HotSpot(TM) 64-Bit Server VM (24+36-3646, mixed mode, sharing, tiered, compressed oops, compressed class ptrs, g1 gc, windows-amd64)
# No core dump will be written. Minidumps are not enabled by default on client versions of Windows
#

---------------  S U M M A R Y ------------

Command Line: C:\Users\taisl\AppData\Local\Temp\surefire10661656730369646325\surefirebooter-20260312050313122_3.jar C:\Users\taisl\AppData\Local\Temp\surefire10661656730369646325 2026-03-12T05-03-12_803-jvmRun1 surefire-20260312050313122_1tmp surefire_0-20260312050313122_2tmp

Host: AMD Ryzen 7 5700U with Radeon Graphics         , 16 cores, 5G,  Windows 11 , 64 bit Build 26100 (10.0.26100.7705)
Time: Thu Mar 12 05:03:15 2026 Hora oficial do Brasil elapsed time: 2.049317 seconds (0d 0h 0m 2s)

---------------  T H R E A D  ---------------

Current thread (0x0000020290fd2e50):  JavaThread "Unknown thread" [_thread_in_vm, id=30356, stack(0x0000000324800000,0x0000000324900000) (1024K)]

Stack: [0x0000000324800000,0x0000000324900000]
Native frames: (J=compiled Java code, j=interpreted, Vv=VM code, C=native code)
V  [jvm.dll+0x7308c9]  (no source info available)
V  [jvm.dll+0x8d9ca3]  (no source info available)
V  [jvm.dll+0x8dc13d]  (no source info available)
V  [jvm.dll+0x8dc7b3]  (no source info available)
V  [jvm.dll+0x2aa046]  (no source info available)
V  [jvm.dll+0x72cdf5]  (no source info available)
V  [jvm.dll+0x72091a]  (no source info available)
V  [jvm.dll+0x390d8a]  (no source info available)
V  [jvm.dll+0x398a96]  (no source info available)
V  [jvm.dll+0x3852de]  (no source info available)
V  [jvm.dll+0x385598]  (no source info available)
V  [jvm.dll+0x35d16c]  (no source info available)
V  [jvm.dll+0x35de2d]  (no source info available)
V  [jvm.dll+0x89d41f]  (no source info available)
V  [jvm.dll+0x3f98fd]  (no source info available)
V  [jvm.dll+0x885a76]  (no source info available)
V  [jvm.dll+0x49604e]  (no source info available)
V  [jvm.dll+0x497e21]  (no source info available)
C  [jli.dll+0x52a1]  (no source info available)
C  [ucrtbase.dll+0x37b0]  (no source info available)
C  [KERNEL32.DLL+0x2e8d7]  (no source info available)
C  [ntdll.dll+0x8c40c]  (no source info available)

Lock stack of current Java thread (top to bottom):


---------------  P R O C E S S  ---------------

Threads class SMR info:
_java_thread_list=0x00007ffe49b7f318, length=0, elements={
}

Java Threads: ( => current thread )
Total: 0

Other Threads:
  0x00000202935067c0 WorkerThread "GC Thread#0"                     [id=30364, stack(0x0000000324900000,0x0000000324a00000) (1024K)]
  0x0000020293517230 ConcurrentGCThread "G1 Main Marker"            [id=30368, stack(0x0000000324a00000,0x0000000324b00000) (1024K)]
  0x0000020293518c30 WorkerThread "G1 Conc#0"                       [id=30372, stack(0x0000000324b00000,0x0000000324c00000) (1024K)]

[error occurred during error reporting (printing all threads), id 0xc0000005, EXCEPTION_ACCESS_VIOLATION (0xc0000005) at pc=0x00007ffe492b158a]
VM state: not at safepoint (not fully initialized)

VM Mutex/Monitor currently owned by a thread:  ([mutex/lock_event])
[0x00007ffe49c045c0] Heap_lock - owner thread: 0x0000020290fd2e50

Heap address: 0x00000000a2600000, size: 1498 MB, Compressed Oops mode: 32-bit

CDS archive(s) mapped at: [0x0000000000000000-0x0000000000000000-0x0000000000000000), size 0, SharedBaseAddress: 0x0000000800000000, ArchiveRelocationMode: 1.
UseCompressedClassPointers 1, UseCompactObjectHeaders 0
Narrow klass pointer bits 32, Max shift 3
Narrow klass base: 0xffffffffffffffff, Narrow klass shift: -1
Encoding Range: [0xffffffffffffffff - 0x000000007fffffff), (2147483648 bytes)
Klass Range:    [0x0000000000000000 - 0x0000000000000000), (0 bytes)
Klass ID Range:  [4294967295 - 0) (1)

GC Precious Log:
 CardTable entry size: 512
 Card Set container configuration: InlinePtr #cards 5 size 8 Array Of Cards #cards 10 size 36 Howl #buckets 4 coarsen threshold 1843 Howl Bitmap #cards 512 size 80 coarsen threshold 460 Card regions per heap region 1 cards per card region 2048

Heap:
 garbage-first heap   total reserved 1533952K, committed 0K, used 0K [0x00000000a2600000, 0x0000000100000000)
  region size 1024K, 0 young (0K), 0 survivors (0K)

[error occurred during error reporting (printing heap information), id 0xc0000005, EXCEPTION_ACCESS_VIOLATION (0xc0000005) at pc=0x00007ffe496ce579]
GC Heap History (0 events):
No events

Dll operation events (1 events):
Event: 0.016 Loaded shared library C:\Program Files\Java\jdk-24\bin\java.dll

Deoptimization events (0 events):
No events

Classes loaded (0 events):
No events

Classes unloaded (0 events):
No events

Classes redefined (0 events):
No events

Internal exceptions (0 events):
No events

VM Operations (0 events):
No events

Memory protections (0 events):
No events

Nmethod flushes (0 events):
No events

Events (0 events):
No events


Dynamic libraries:
0x00007ff667a10000 - 0x00007ff667a20000 	C:\Program Files\Java\jdk-24\bin\java.exe
0x00007fff207e0000 - 0x00007fff20a48000 	C:\WINDOWS\SYSTEM32\ntdll.dll
0x00007fff1f090000 - 0x00007fff1f159000 	C:\WINDOWS\System32\KERNEL32.DLL
0x00007fff1d5d0000 - 0x00007fff1d9c1000 	C:\WINDOWS\System32\KERNELBASE.dll
0x00007fff1d9d0000 - 0x00007fff1db1b000 	C:\WINDOWS\System32\ucrtbase.dll
0x00007ffebf190000 - 0x00007ffebf1a6000 	C:\Program Files\Java\jdk-24\bin\jli.dll
0x00007ffedf6f0000 - 0x00007ffedf70b000 	C:\Program Files\Java\jdk-24\bin\VCRUNTIME140.dll
0x00007fff1fa90000 - 0x00007fff1fc56000 	C:\WINDOWS\System32\USER32.dll
0x00007fff054e0000 - 0x00007fff05773000 	C:\WINDOWS\WinSxS\amd64_microsoft.windows.common-controls_6595b64144ccf1df_6.0.26100.7824_none_3e0870b2e3345462\COMCTL32.dll
0x00007fff1d230000 - 0x00007fff1d257000 	C:\WINDOWS\System32\win32u.dll
0x00007fff1e580000 - 0x00007fff1e629000 	C:\WINDOWS\System32\msvcrt.dll
0x00007fff1ea70000 - 0x00007fff1ea9b000 	C:\WINDOWS\System32\GDI32.dll
0x00007fff1db20000 - 0x00007fff1dc4b000 	C:\WINDOWS\System32\gdi32full.dll
0x00007fff1d520000 - 0x00007fff1d5c3000 	C:\WINDOWS\System32\msvcp_win.dll
0x00007fff1fc60000 - 0x00007fff1fc91000 	C:\WINDOWS\System32\IMM32.DLL
0x00007ffefba60000 - 0x00007ffefba6c000 	C:\Program Files\Java\jdk-24\bin\vcruntime140_1.dll
0x00007ffea55f0000 - 0x00007ffea567e000 	C:\Program Files\Java\jdk-24\bin\msvcp140.dll
0x00007ffe48f40000 - 0x00007ffe49ce2000 	C:\Program Files\Java\jdk-24\bin\server\jvm.dll
0x00007fff20660000 - 0x00007fff20714000 	C:\WINDOWS\System32\ADVAPI32.dll
0x00007fff1f330000 - 0x00007fff1f3d6000 	C:\WINDOWS\System32\sechost.dll
0x00007fff1e7d0000 - 0x00007fff1e8e8000 	C:\WINDOWS\System32\RPCRT4.dll
0x00007fff1fca0000 - 0x00007fff1fd14000 	C:\WINDOWS\System32\WS2_32.dll
0x00007fff1cf20000 - 0x00007fff1cf7e000 	C:\WINDOWS\SYSTEM32\POWRPROF.dll
0x00007fff14a40000 - 0x00007fff14a75000 	C:\WINDOWS\SYSTEM32\WINMM.dll
0x00007fff15a10000 - 0x00007fff15a1b000 	C:\WINDOWS\SYSTEM32\VERSION.dll
0x00007fff1cef0000 - 0x00007fff1cf04000 	C:\WINDOWS\SYSTEM32\UMPDC.dll
0x00007fff1be60000 - 0x00007fff1be7b000 	C:\WINDOWS\SYSTEM32\kernel.appcore.dll
0x00007ffefa2e0000 - 0x00007ffefa2ea000 	C:\Program Files\Java\jdk-24\bin\jimage.dll
0x00007fff1b120000 - 0x00007fff1b362000 	C:\WINDOWS\SYSTEM32\DBGHELP.DLL
0x00007fff1ed00000 - 0x00007fff1f086000 	C:\WINDOWS\System32\combase.dll
0x00007fff1e900000 - 0x00007fff1e9d7000 	C:\WINDOWS\System32\OLEAUT32.dll
0x00007fff06b60000 - 0x00007fff06b9b000 	C:\WINDOWS\SYSTEM32\dbgcore.DLL
0x00007fff1d2f0000 - 0x00007fff1d395000 	C:\WINDOWS\System32\bcryptPrimitives.dll
0x00007ffebf080000 - 0x00007ffebf09e000 	C:\Program Files\Java\jdk-24\bin\java.dll
0x00007fff1e630000 - 0x00007fff1e7c7000 	C:\WINDOWS\System32\ole32.dll
0x00007fff1fd20000 - 0x00007fff20472000 	C:\WINDOWS\System32\SHELL32.dll
0x00007fff1d0c0000 - 0x00007fff1d22a000 	C:\WINDOWS\System32\wintypes.dll

dbghelp: loaded successfully - version: 4.0.5 - missing functions: none
symbol engine: initialized successfully - sym options: 0x614 - pdb path: .;C:\Program Files\Java\jdk-24\bin;C:\WINDOWS\SYSTEM32;C:\WINDOWS\WinSxS\amd64_microsoft.windows.common-controls_6595b64144ccf1df_6.0.26100.7824_none_3e0870b2e3345462;C:\Program Files\Java\jdk-24\bin\server

VM Arguments:
java_command: C:\Users\taisl\AppData\Local\Temp\surefire10661656730369646325\surefirebooter-20260312050313122_3.jar C:\Users\taisl\AppData\Local\Temp\surefire10661656730369646325 2026-03-12T05-03-12_803-jvmRun1 surefire-20260312050313122_1tmp surefire_0-20260312050313122_2tmp
java_class_path (initial): C:\Users\taisl\AppData\Local\Temp\surefire10661656730369646325\surefirebooter-20260312050313122_3.jar
Launcher Type: SUN_STANDARD

[Global flags]
     intx CICompilerCount                          = 12                                        {product} {ergonomic}
     uint ConcGCThreads                            = 3                                         {product} {ergonomic}
     uint G1ConcRefinementThreads                  = 13                                        {product} {ergonomic}
   size_t G1HeapRegionSize                         = 1048576                                   {product} {ergonomic}
   size_t InitialHeapSize                          = 98566144                                  {product} {ergonomic}
   size_t MarkStackSize                            = 4194304                                   {product} {ergonomic}
   size_t MarkStackSizeMax                         = 536870912                                 {product} {ergonomic}
   size_t MaxHeapSize                              = 1570766848                                {product} {ergonomic}
   size_t MinHeapDeltaBytes                        = 1048576                                   {product} {ergonomic}
   size_t MinHeapSize                              = 8388608                                   {product} {ergonomic}
    uintx NonNMethodCodeHeapSize                   = 7602176                                {pd product} {ergonomic}
    uintx NonProfiledCodeHeapSize                  = 122093568                              {pd product} {ergonomic}
    uintx ProfiledCodeHeapSize                     = 121962496                              {pd product} {ergonomic}
    uintx ReservedCodeCacheSize                    = 251658240                              {pd product} {ergonomic}
     bool SegmentedCodeCache                       = true                                      {product} {ergonomic}
   size_t SoftMaxHeapSize                          = 1570766848                             {manageable} {ergonomic}
     bool UseCompressedOops                        = true                           {product lp64_product} {ergonomic}
     bool UseG1GC                                  = true                                      {product} {ergonomic}
     bool UseLargePagesIndividualAllocation        = false                                  {pd product} {ergonomic}

Logging:
Log output configuration:
 #0: stdout all=warning uptime,level,tags foldmultilines=false
 #1: stderr all=off uptime,level,tags foldmultilines=false

Environment Variables:
PATH=C:\Python313\Scripts\;C:\Python313\;C:\Program Files\Common Files\Oracle\Java\javapath;C:\Program Files (x86)\Common Files\Oracle\Java\javapath;C:\WINDOWS\system32;C:\WINDOWS;C:\WINDOWS\System32\Wbem;C:\WINDOWS\System32\WindowsPowerShell\v1.0\;C:\WINDOWS\System32\OpenSSH\;C:\Program Files\Microsoft SQL Server\150\Tools\Binn\;C:\Program Files\Git\cmd;C:\Program Files\dotnet\;C:\Windows\Microsoft.NET\Framework64\v4.0.30319;C:\Program Files\Microsoft SQL Server\Client SDK\ODBC\170\Tools\Binn\;C:\Program Files\Java\JDK-17\bin;C:\Program Files (x86)\Windows Kits\10\Windows Performance Toolkit\;C:\ProgramData\chocolatey\bin;C:\Program Files\nodejs\;C:\Program Files\Git LFS;C:\Program Files (x86)\Microsoft SQL Server\160\Tools\Binn\;C:\Program Files\Microsoft SQL Server\160\Tools\Binn\;C:\Program Files\Microsoft SQL Server\160\DTS\Binn\;C:\Program Files\cursor\resources\app\bin;C:\Users\taisl\AppData\Local\Programs\Python\Python312\Scripts\;C:\Users\taisl\AppData\Local\Programs\Python\Python312\;C:\Users\taisl\AppData\Local\Microsoft\WindowsApps;C:\Users\taisl\AppData\Local\GitHubDesktop\bin;C:\Users\taisl\.dotnet\tools;C:\Program Files\JetBrains\IntelliJ IDEA 2024.1.4\bin;;C:\Program Files\JetBrains\PyCharm Community Edition 2024.1.4\bin;;C:\Users\taisl\AppData\Local\Programs\Microsoft VS Code\bin;C:\Users\taisl\AppData\Roaming\npm;
USERNAME=taisl
TERM=dumb
OS=Windows_NT
PROCESSOR_IDENTIFIER=AMD64 Family 23 Model 104 Stepping 1, AuthenticAMD
TMP=C:\Users\taisl\AppData\Local\Temp
TEMP=C:\Users\taisl\AppData\Local\Temp




Periodic native trim disabled

---------------  S Y S T E M  ---------------

OS:
 Windows 11 , 64 bit Build 26100 (10.0.26100.7705)
OS uptime: 4 days 8:18 hours
Hyper-V role detected

CPU: total 16 (initial active 16) (16 cores per cpu, 2 threads per core) family 23 model 104 stepping 1 microcode 0x8608103, cx8, cmov, fxsr, ht, mmx, 3dnowpref, sse, sse2, sse3, ssse3, sse4a, sse4.1, sse4.2, popcnt, lzcnt, tsc, tscinvbit, avx, avx2, aes, clmul, bmi1, bmi2, adx, sha, fma, vzeroupper, clflush, clflushopt, hv, rdtscp, rdpid, f16c
Processor Information for the first 16 processors :
  Max Mhz: 1801, Current Mhz: 1801, Mhz Limit: 1801

Memory: 4k page, system-wide physical 5989M (419M free)
TotalPageFile size 24421M (AvailPageFile size 131M)
current process WorkingSet (physical memory assigned to process): 13M, peak: 13M
current process commit charge ("private bytes"): 71M, peak: 164M

vm_info: Java HotSpot(TM) 64-Bit Server VM (24+36-3646) for windows-amd64 JRE (24+36-3646), built on 2025-02-06T00:20:43Z with MS VC++ 17.6 (VS2022)

END.
